Arguments: 
  C:\Program Files\nodejs\node.exe C:\Program Files (x86)\Yarn\bin\yarn.js add @gluestack/ui

PATH: 
  C:\Users\IT-SAI2\bin;C:\Program Files\Git\mingw64\bin;C:\Program Files\Git\usr\local\bin;C:\Program Files\Git\usr\bin;C:\Program Files\Git\usr\bin;C:\Program Files\Git\mingw64\bin;C:\Program Files\Git\usr\bin;C:\Users\IT-SAI2\bin;C:\Program Files\Common Files\Oracle\Java\javapath;C:\Program Files\ImageMagick-7.1.1-Q16-HDRI;C:\Program Files\Eclipse Adoptium\jdk-11.0.17.8-hotspot\bin;C:\Program Files\Java\jdk-19;C:\Program Files\Microsoft\jdk-11.0.12.7-hotspot\bin;C:\WINDOWS\system32;C:\WINDOWS;C:\WINDOWS\System32\Wbem;C:\WINDOWS\System32\WindowsPowerShell\v1.0;C:\WINDOWS\System32\OpenSSH;C:\xampp811\php;C:\composer;C:\Program Files\dotnet;C:\ProgramData\chocolatey\bin;C:\Program Files (x86)\Yarn\bin;C:\Users\IT-SAI2\AppData\Local\Programs\Microsoft VS Code\bin;C:\Program Files\Java\jdk-17.0.4.1\bin;C:\Users\IT-SAI2\AppData\Local\Microsoft\WindowsApps;D:\flutter\flutter_windows_3.3.3-stable\flutter\bin;C:\Users\IT-SAI2\AppData\Local\Yarn\bin;C:\Users\IT-SAI2\AppData\Roaming\npm;C:\Users\IT-SAI2\AppData\Local\Android\Sdk\platform-tools;C:\adb;C:\WINDOWS\system32;C:\WINDOWS;C:\WINDOWS\System32\Wbem;C:\WINDOWS\System32\WindowsPowerShell\v1.0;C:\WINDOWS\System32\OpenSSH;C:\Program Files\nodejs;C:\Program Files\Go\bin;C:\Program Files\Microsoft VS Code\bin;C:\php_imagick-3.7.0;C:\Program Files\MariaDB 11.3\bin;C:\Program Files\PostgreSQL\16\bin;C:\Program Files\Docker\Docker\resources\bin;C:\Users\IT-SAI2\.config\herd\bin\nvm;C:\Program Files\nodejs;C:\Program Files\Cloudflare\Cloudflare WARP;C:\Users\IT-SAI2\AppData\Local\Android\Sdk\tools;C:\Program Files\Java\jdk-17;C:\Program Files\Java\jdk-19;C:\Users\IT-SAI2\AppData\Local\Programs\Microsoft VS Code\bin;C:\Program Files\Git\usr\bin\vendor_perl;C:\Program Files\Git\usr\bin\core_perl

Yarn version: 
  1.22.19

Node version: 
  18.17.1

Platform: 
  win32 x64

Trace: 
  Error: https://registry.yarnpkg.com/@gluestack%2fui: Not found
      at params.callback [as _callback] (C:\Program Files (x86)\Yarn\lib\cli.js:66145:18)
      at self.callback (C:\Program Files (x86)\Yarn\lib\cli.js:140890:22)
      at Request.emit (node:events:514:28)
      at Request.<anonymous> (C:\Program Files (x86)\Yarn\lib\cli.js:141862:10)
      at Request.emit (node:events:514:28)
      at IncomingMessage.<anonymous> (C:\Program Files (x86)\Yarn\lib\cli.js:141784:12)
      at Object.onceWrapper (node:events:628:28)
      at IncomingMessage.emit (node:events:526:35)
      at endReadableNT (node:internal/streams/readable:1359:12)
      at process.processTicksAndRejections (node:internal/process/task_queues:82:21)

npm manifest: 
  {
    "name": "template",
    "main": "expo-router/entry",
    "version": "1.0.0",
    "scripts": {
      "start": "expo start",
      "reset-project": "node ./scripts/reset-project.js",
      "android": "DARK_MODE=media expo start --android",
      "ios": "DARK_MODE=media expo start --ios",
      "web": "DARK_MODE=media expo start --web",
      "test": "jest --watchAll",
      "lint": "expo lint",
      "postinstall": "patch-package"
    },
    "jest": {
      "preset": "jest-expo"
    },
    "dependencies": {
      "@expo/html-elements": "^0.10.1",
      "@expo/vector-icons": "^14.0.2",
      "@gluestack-ui/accordion": "^1.0.6",
      "@gluestack-ui/actionsheet": "^0.2.44",
      "@gluestack-ui/alert": "^0.1.15",
      "@gluestack-ui/alert-dialog": "^0.1.30",
      "@gluestack-ui/avatar": "^0.1.17",
      "@gluestack-ui/button": "^1.0.7",
      "@gluestack-ui/checkbox": "^0.1.31",
      "@gluestack-ui/divider": "^0.1.9",
      "@gluestack-ui/fab": "^0.1.21",
      "@gluestack-ui/form-control": "^0.1.18",
      "@gluestack-ui/icon": "^0.1.22",
      "@gluestack-ui/image": "^0.1.10",
      "@gluestack-ui/input": "^0.1.31",
      "@gluestack-ui/link": "^0.1.22",
      "@gluestack-ui/menu": "^0.2.36",
      "@gluestack-ui/modal": "^0.1.34",
      "@gluestack-ui/nativewind-utils": "^1.0.23",
      "@gluestack-ui/overlay": "^0.1.15",
      "@gluestack-ui/popover": "^0.1.37",
      "@gluestack-ui/pressable": "^0.1.16",
      "@gluestack-ui/progress": "^0.1.16",
      "@gluestack-ui/radio": "^0.1.32",
      "@gluestack-ui/select": "^0.1.29",
      "@gluestack-ui/slider": "^0.1.25",
      "@gluestack-ui/spinner": "^0.1.14",
      "@gluestack-ui/switch": "^0.1.22",
      "@gluestack-ui/textarea": "^0.1.23",
      "@gluestack-ui/toast": "^1.0.7",
      "@gluestack-ui/tooltip": "^0.1.32",
      "@legendapp/motion": "^2.4.0",
      "@react-navigation/native": "^6.0.2",
      "babel-plugin-module-resolver": "^5.0.2",
      "expo": "~51.0.28",
      "expo-constants": "~16.0.2",
      "expo-font": "~12.0.9",
      "expo-linking": "~6.3.1",
      "expo-router": "~3.5.23",
      "expo-splash-screen": "~0.27.5",
      "expo-status-bar": "~1.12.1",
      "expo-system-ui": "~3.0.7",
      "expo-web-browser": "~13.0.3",
      "nativewind": "^4.0.36",
      "react": "18.2.0",
      "react-dom": "18.2.0",
      "react-native": "0.74.5",
      "react-native-gesture-handler": "~2.16.1",
      "react-native-reanimated": "~3.10.1",
      "react-native-safe-area-context": "4.10.5",
      "react-native-screens": "3.31.1",
      "react-native-svg": "^15.2.0",
      "react-native-web": "~0.19.10",
      "tailwindcss": "^3.4.10"
    },
    "devDependencies": {
      "@babel/core": "^7.20.0",
      "@types/jest": "^29.5.12",
      "@types/react": "~18.2.45",
      "@types/react-test-renderer": "^18.0.7",
      "jest": "^29.2.1",
      "jest-expo": "~51.0.3",
      "jscodeshift": "^0.15.2",
      "prettier": "^3.3.3",
      "react-test-renderer": "18.2.0",
      "typescript": "~5.3.3"
    },
    "private": true
  }

yarn manifest: 
  No manifest

Lockfile: 
  No lockfile
